2022-05-20 09:14:06 - [35m[restartedMain][0;39m [34mINFO [0;39m uz.alex.climateappapi.ClimateAppApiApplication.logStarting - Starting ClimateAppApiApplication using Java 11.0.13 on DESKTOP-NBGB857 with PID 22084 (D:\projects\java\climate-app-api\target\classes started by Alex in D:\projects\java\climate-app-api)
2022-05-20 09:14:06 - [35m[restartedMain][0;39m [34mINFO [0;39m uz.alex.climateappapi.ClimateAppApiApplication.logStartupProfileInfo - The following 1 profile is active: "dev"
2022-05-20 09:14:08 - [35m[restartedMain][0;39m [34mINFO [0;39m org.apache.catalina.core.StandardService.log - Starting service [Tomcat]
2022-05-20 09:14:08 - [35m[restartedMain][0;39m [34mINFO [0;39m org.apache.catalina.core.StandardEngine.log - Starting Servlet engine: [Apache Tomcat/9.0.60]
2022-05-20 09:14:08 - [35m[restartedMain][0;39m [34mINFO [0;39m org.apache.catalina.core.ContainerBase.[Tomcat].[localhost].[/].log - Initializing Spring embedded WebApplicationContext
2022-05-20 09:14:08 - [35m[restartedMain][0;39m [34mINFO [0;39m com.zaxxer.hikari.HikariDataSource.getConnection - HikariPool-1 - Starting...
2022-05-20 09:14:09 - [35m[restartedMain][0;39m [34mINFO [0;39m com.zaxxer.hikari.HikariDataSource.getConnection - HikariPool-1 - Start completed.
2022-05-20 09:14:12 - [35m[restartedMain][0;39m [34mINFO [0;39m uz.alex.climateappapi.ClimateAppApiApplication.logStarted - Started ClimateAppApiApplication in 6.991 seconds (JVM running for 9.22)
2022-05-20 10:19:03 - [35m[SpringApplicationShutdownHook][0;39m [34mINFO [0;39m com.zaxxer.hikari.HikariDataSource.close - HikariPool-1 - Shutdown initiated...
2022-05-20 10:19:03 - [35m[SpringApplicationShutdownHook][0;39m [34mINFO [0;39m com.zaxxer.hikari.HikariDataSource.close - HikariPool-1 - Shutdown completed.
2022-05-20 10:19:11 - [35m[restartedMain][0;39m [34mINFO [0;39m uz.alex.climateappapi.ClimateAppApiApplication.logStarting - Starting ClimateAppApiApplication using Java 11.0.13 on DESKTOP-NBGB857 with PID 26908 (D:\projects\java\climate-app-api\target\classes started by Alex in D:\projects\java\climate-app-api)
2022-05-20 10:19:11 - [35m[restartedMain][0;39m [34mINFO [0;39m uz.alex.climateappapi.ClimateAppApiApplication.logStartupProfileInfo - The following 1 profile is active: "dev"
2022-05-20 10:19:13 - [35m[restartedMain][0;39m [34mINFO [0;39m org.apache.catalina.core.StandardService.log - Starting service [Tomcat]
2022-05-20 10:19:13 - [35m[restartedMain][0;39m [34mINFO [0;39m org.apache.catalina.core.StandardEngine.log - Starting Servlet engine: [Apache Tomcat/9.0.60]
2022-05-20 10:19:13 - [35m[restartedMain][0;39m [34mINFO [0;39m org.apache.catalina.core.ContainerBase.[Tomcat].[localhost].[/].log - Initializing Spring embedded WebApplicationContext
2022-05-20 10:19:13 - [35m[restartedMain][0;39m [34mINFO [0;39m com.zaxxer.hikari.HikariDataSource.getConnection - HikariPool-1 - Starting...
2022-05-20 10:19:13 - [35m[restartedMain][0;39m [34mINFO [0;39m com.zaxxer.hikari.HikariDataSource.getConnection - HikariPool-1 - Start completed.
2022-05-20 10:19:16 - [35m[restartedMain][0;39m [34mINFO [0;39m uz.alex.climateappapi.ClimateAppApiApplication.logStarted - Started ClimateAppApiApplication in 5.414 seconds (JVM running for 6.793)
2022-05-20 10:51:37 - [35m[http-nio-9000-exec-1][0;39m [34mINFO [0;39m org.apache.catalina.core.ContainerBase.[Tomcat].[localhost].[/].log - Initializing Spring DispatcherServlet 'dispatcherServlet'
2022-05-20 10:51:38 - [35m[http-nio-9000-exec-2][0;39m [1;31mERROR[0;39m org.apache.catalina.core.ContainerBase.[Tomcat].[localhost].[/].[dispatcherServlet].log - Servlet.service() for servlet [dispatcherServlet] in context with path [] threw exception [Request processing failed; nested exception is org.springframework.dao.InvalidDataAccessApiUsageException: Parameter value [Thu May 12 00:00:00 UZT 2022] did not match expected type [java.time.LocalDateTime (n/a)]; nested exception is java.lang.IllegalArgumentException: Parameter value [Thu May 12 00:00:00 UZT 2022] did not match expected type [java.time.LocalDateTime (n/a)]] with root cause
java.lang.IllegalArgumentException: Parameter value [Thu May 12 00:00:00 UZT 2022] did not match expected type [java.time.LocalDateTime (n/a)]
	at org.hibernate.query.spi.QueryParameterBindingValidator.validate(QueryParameterBindingValidator.java:54)
	at org.hibernate.query.spi.QueryParameterBindingValidator.validate(QueryParameterBindingValidator.java:27)
	at org.hibernate.query.internal.QueryParameterBindingImpl.validate(QueryParameterBindingImpl.java:90)
	at org.hibernate.query.internal.QueryParameterBindingImpl.setBindValue(QueryParameterBindingImpl.java:55)
	at org.hibernate.query.internal.AbstractProducedQuery.setParameter(AbstractProducedQuery.java:501)
	at org.hibernate.query.internal.AbstractProducedQuery.setParameter(AbstractProducedQuery.java:122)
	at org.springframework.data.jpa.repository.query.QueryParameterSetter$BindableQuery.setParameter(QueryParameterSetter.java:327)
	at org.springframework.data.jpa.repository.query.QueryParameterSetter$NamedOrIndexedQueryParameterSetter.lambda$setParameter$4(QueryParameterSetter.java:118)
	at org.springframework.data.jpa.repository.query.QueryParameterSetter$ErrorHandling$1.execute(QueryParameterSetter.java:141)
	at org.springframework.data.jpa.repository.query.QueryParameterSetter$NamedOrIndexedQueryParameterSetter.setParameter(QueryParameterSetter.java:118)
	at org.springframework.data.jpa.repository.query.ParameterBinder.bind(ParameterBinder.java:82)
	at org.springframework.data.jpa.repository.query.ParameterBinder.bind(ParameterBinder.java:74)
	at org.springframework.data.jpa.repository.query.ParameterBinder.bindAndPrepare(ParameterBinder.java:96)
	at org.springframework.data.jpa.repository.query.AbstractStringBasedJpaQuery.doCreateQuery(AbstractStringBasedJpaQuery.java:95)
	at org.springframework.data.jpa.repository.query.AbstractJpaQuery.createQuery(AbstractJpaQuery.java:227)
	at org.springframework.data.jpa.repository.query.JpaQueryExecution$CollectionExecution.doExecute(JpaQueryExecution.java:128)
	at org.springframework.data.jpa.repository.query.JpaQueryExecution.execute(JpaQueryExecution.java:90)
	at org.springframework.data.jpa.repository.query.AbstractJpaQuery.doExecute(AbstractJpaQuery.java:155)
	at org.springframework.data.jpa.repository.query.AbstractJpaQuery.execute(AbstractJpaQuery.java:143)
	at org.springframework.data.repository.core.support.RepositoryMethodInvoker.doInvoke(RepositoryMethodInvoker.java:137)
	at org.springframework.data.repository.core.support.RepositoryMethodInvoker.invoke(RepositoryMethodInvoker.java:121)
	at org.springframework.data.repository.core.support.QueryExecutorMethodInterceptor.doInvoke(QueryExecutorMethodInterceptor.java:159)
	at org.springframework.data.repository.core.support.QueryExecutorMethodInterceptor.invoke(QueryExecutorMethodInterceptor.java:138)
	at org.springframework.aop.framework.ReflectiveMethodInvocation.proceed(ReflectiveMethodInvocation.java:186)
	at org.springframework.data.projection.DefaultMethodInvokingMethodInterceptor.invoke(DefaultMethodInvokingMethodInterceptor.java:80)
	at org.springframework.aop.framework.ReflectiveMethodInvocation.proceed(ReflectiveMethodInvocation.java:186)
	at org.springframework.transaction.interceptor.TransactionInterceptor$1.proceedWithInvocation(TransactionInterceptor.java:123)
	at org.springframework.transaction.interceptor.TransactionAspectSupport.invokeWithinTransaction(TransactionAspectSupport.java:388)
	at org.springframework.transaction.interceptor.TransactionInterceptor.invoke(TransactionInterceptor.java:119)
	at org.springframework.aop.framework.ReflectiveMethodInvocation.proceed(ReflectiveMethodInvocation.java:186)
	at org.springframework.dao.support.PersistenceExceptionTranslationInterceptor.invoke(PersistenceExceptionTranslationInterceptor.java:137)
	at org.springframework.aop.framework.ReflectiveMethodInvocation.proceed(ReflectiveMethodInvocation.java:186)
	at org.springframework.data.jpa.repository.support.CrudMethodMetadataPostProcessor$CrudMethodMetadataPopulatingMethodInterceptor.invoke(CrudMethodMetadataPostProcessor.java:145)
	at org.springframework.aop.framework.ReflectiveMethodInvocation.proceed(ReflectiveMethodInvocation.java:186)
	at org.springframework.aop.interceptor.ExposeInvocationInterceptor.invoke(ExposeInvocationInterceptor.java:97)
	at org.springframework.aop.framework.ReflectiveMethodInvocation.proceed(ReflectiveMethodInvocation.java:186)
	at org.springframework.aop.framework.JdkDynamicAopProxy.invoke(JdkDynamicAopProxy.java:215)
	at com.sun.proxy.$Proxy141.getAllOrdersBetweenDateByUser(Unknown Source)
	at uz.alex.climateappapi.service.impl.ResearcherOrderServiceImpl.getOrdersBetweenDateByUser(ResearcherOrderServiceImpl.java:43)
	at uz.alex.climateappapi.controller.ResearcherOrderController.getOrders(ResearcherOrderController.java:18)
	at java.base/jdk.internal.reflect.NativeMethodAccessorImpl.invoke0(Native Method)
	at java.base/jdk.internal.reflect.NativeMethodAccessorImpl.invoke(NativeMethodAccessorImpl.java:62)
	at java.base/jdk.internal.reflect.DelegatingMethodAccessorImpl.invoke(DelegatingMethodAccessorImpl.java:43)
	at java.base/java.lang.reflect.Method.invoke(Method.java:566)
	at org.springframework.web.method.support.InvocableHandlerMethod.doInvoke(InvocableHandlerMethod.java:205)
	at org.springframework.web.method.support.InvocableHandlerMethod.invokeForRequest(InvocableHandlerMethod.java:150)
	at org.springframework.web.servlet.mvc.method.annotation.ServletInvocableHandlerMethod.invokeAndHandle(ServletInvocableHandlerMethod.java:117)
	at org.springframework.web.servlet.mvc.method.annotation.RequestMappingHandlerAdapter.invokeHandlerMethod(RequestMappingHandlerAdapter.java:895)
	at org.springframework.web.servlet.mvc.method.annotation.RequestMappingHandlerAdapter.handleInternal(RequestMappingHandlerAdapter.java:808)
	at org.springframework.web.servlet.mvc.method.AbstractHandlerMethodAdapter.handle(AbstractHandlerMethodAdapter.java:87)
	at org.springframework.web.servlet.DispatcherServlet.doDispatch(DispatcherServlet.java:1067)
	at org.springframework.web.servlet.DispatcherServlet.doService(DispatcherServlet.java:963)
	at org.springframework.web.servlet.FrameworkServlet.processRequest(FrameworkServlet.java:1006)
	at org.springframework.web.servlet.FrameworkServlet.doPost(FrameworkServlet.java:909)
	at javax.servlet.http.HttpServlet.service(HttpServlet.java:681)
	at org.springframework.web.servlet.FrameworkServlet.service(FrameworkServlet.java:883)
	at javax.servlet.http.HttpServlet.service(HttpServlet.java:764)
	at org.apache.catalina.core.ApplicationFilterChain.internalDoFilter(ApplicationFilterChain.java:227)
	at org.apache.catalina.core.ApplicationFilterChain.doFilter(ApplicationFilterChain.java:162)
	at org.apache.tomcat.websocket.server.WsFilter.doFilter(WsFilter.java:53)
	at org.apache.catalina.core.ApplicationFilterChain.internalDoFilter(ApplicationFilterChain.java:189)
	at org.apache.catalina.core.ApplicationFilterChain.doFilter(ApplicationFilterChain.java:162)
	at org.springframework.web.filter.OncePerRequestFilter.doFilter(OncePerRequestFilter.java:111)
	at org.apache.catalina.core.ApplicationFilterChain.internalDoFilter(ApplicationFilterChain.java:189)
	at org.apache.catalina.core.ApplicationFilterChain.doFilter(ApplicationFilterChain.java:162)
	at org.springframework.web.filter.OncePerRequestFilter.doFilter(OncePerRequestFilter.java:111)
	at org.apache.catalina.core.ApplicationFilterChain.internalDoFilter(ApplicationFilterChain.java:189)
	at org.apache.catalina.core.ApplicationFilterChain.doFilter(ApplicationFilterChain.java:162)
	at org.springframework.security.web.FilterChainProxy$VirtualFilterChain.doFilter(FilterChainProxy.java:327)
	at org.springframework.security.web.access.intercept.FilterSecurityInterceptor.invoke(FilterSecurityInterceptor.java:115)
	at org.springframework.security.web.access.intercept.FilterSecurityInterceptor.doFilter(FilterSecurityInterceptor.java:81)
	at org.springframework.security.web.FilterChainProxy$VirtualFilterChain.doFilter(FilterChainProxy.java:336)
	at org.springframework.security.web.access.ExceptionTranslationFilter.doFilter(ExceptionTranslationFilter.java:122)
	at org.springframework.security.web.access.ExceptionTranslationFilter.doFilter(ExceptionTranslationFilter.java:116)
	at org.springframework.security.web.FilterChainProxy$VirtualFilterChain.doFilter(FilterChainProxy.java:336)
	at org.springframework.security.web.session.SessionManagementFilter.doFilter(SessionManagementFilter.java:126)
	at org.springframework.security.web.session.SessionManagementFilter.doFilter(SessionManagementFilter.java:81)
	at org.springframework.security.web.FilterChainProxy$VirtualFilterChain.doFilter(FilterChainProxy.java:336)
	at org.springframework.security.web.authentication.AnonymousAuthenticationFilter.doFilter(AnonymousAuthenticationFilter.java:109)
	at org.springframework.security.web.FilterChainProxy$VirtualFilterChain.doFilter(FilterChainProxy.java:336)
	at org.springframework.security.web.servletapi.SecurityContextHolderAwareRequestFilter.doFilter(SecurityContextHolderAwareRequestFilter.java:149)
	at org.springframework.security.web.FilterChainProxy$VirtualFilterChain.doFilter(FilterChainProxy.java:336)
	at org.springframework.security.web.savedrequest.RequestCacheAwareFilter.doFilter(RequestCacheAwareFilter.java:63)
	at org.springframework.security.web.FilterChainProxy$VirtualFilterChain.doFilter(FilterChainProxy.java:336)
	at uz.alex.climateappapi.filter.JwtRequestFilter.doFilterInternal(JwtRequestFilter.java:45)
	at org.springframework.web.filter.OncePerRequestFilter.doFilter(OncePerRequestFilter.java:117)
	at org.springframework.security.web.FilterChainProxy$VirtualFilterChain.doFilter(FilterChainProxy.java:336)
	at org.springframework.security.web.authentication.logout.LogoutFilter.doFilter(LogoutFilter.java:103)
	at org.springframework.security.web.authentication.logout.LogoutFilter.doFilter(LogoutFilter.java:89)
	at org.springframework.security.web.FilterChainProxy$VirtualFilterChain.doFilter(FilterChainProxy.java:336)
	at org.springframework.web.filter.CorsFilter.doFilterInternal(CorsFilter.java:91)
	at org.springframework.web.filter.OncePerRequestFilter.doFilter(OncePerRequestFilter.java:117)
	at org.springframework.security.web.FilterChainProxy$VirtualFilterChain.doFilter(FilterChainProxy.java:336)
	at org.springframework.security.web.header.HeaderWriterFilter.doHeadersAfter(HeaderWriterFilter.java:90)
	at org.springframework.security.web.header.HeaderWriterFilter.doFilterInternal(HeaderWriterFilter.java:75)
	at org.springframework.web.filter.OncePerRequestFilter.doFilter(OncePerRequestFilter.java:117)
	at org.springframework.security.web.FilterChainProxy$VirtualFilterChain.doFilter(FilterChainProxy.java:336)
	at org.springframework.security.web.context.SecurityContextPersistenceFilter.doFilter(SecurityContextPersistenceFilter.java:110)
	at org.springframework.security.web.context.SecurityContextPersistenceFilter.doFilter(SecurityContextPersistenceFilter.java:80)
	at org.springframework.security.web.FilterChainProxy$VirtualFilterChain.doFilter(FilterChainProxy.java:336)
	at org.springframework.security.web.context.request.async.WebAsyncManagerIntegrationFilter.doFilterInternal(WebAsyncManagerIntegrationFilter.java:55)
	at org.springframework.web.filter.OncePerRequestFilter.doFilter(OncePerRequestFilter.java:117)
	at org.springframework.security.web.FilterChainProxy$VirtualFilterChain.doFilter(FilterChainProxy.java:336)
	at org.springframework.security.web.FilterChainProxy.doFilterInternal(FilterChainProxy.java:211)
	at org.springframework.security.web.FilterChainProxy.doFilter(FilterChainProxy.java:183)
	at org.springframework.web.filter.DelegatingFilterProxy.invokeDelegate(DelegatingFilterProxy.java:354)
	at org.springframework.web.filter.DelegatingFilterProxy.doFilter(DelegatingFilterProxy.java:267)
	at org.apache.catalina.core.ApplicationFilterChain.internalDoFilter(ApplicationFilterChain.java:189)
	at org.apache.catalina.core.ApplicationFilterChain.doFilter(ApplicationFilterChain.java:162)
	at org.springframework.web.filter.CharacterEncodingFilter.doFilterInternal(CharacterEncodingFilter.java:201)
	at org.springframework.web.filter.OncePerRequestFilter.doFilter(OncePerRequestFilter.java:117)
	at org.apache.catalina.core.ApplicationFilterChain.internalDoFilter(ApplicationFilterChain.java:189)
	at org.apache.catalina.core.ApplicationFilterChain.doFilter(ApplicationFilterChain.java:162)
	at org.apache.catalina.core.StandardWrapperValve.invoke(StandardWrapperValve.java:197)
	at org.apache.catalina.core.StandardContextValve.invoke(StandardContextValve.java:97)
	at org.apache.catalina.authenticator.AuthenticatorBase.invoke(AuthenticatorBase.java:541)
	at org.apache.catalina.core.StandardHostValve.invoke(StandardHostValve.java:135)
	at org.apache.catalina.valves.ErrorReportValve.invoke(ErrorReportValve.java:92)
	at org.apache.catalina.core.StandardEngineValve.invoke(StandardEngineValve.java:78)
	at org.apache.catalina.connector.CoyoteAdapter.service(CoyoteAdapter.java:360)
	at org.apache.coyote.http11.Http11Processor.service(Http11Processor.java:399)
	at org.apache.coyote.AbstractProcessorLight.process(AbstractProcessorLight.java:65)
	at org.apache.coyote.AbstractProtocol$ConnectionHandler.process(AbstractProtocol.java:889)
	at org.apache.tomcat.util.net.NioEndpoint$SocketProcessor.doRun(NioEndpoint.java:1743)
	at org.apache.tomcat.util.net.SocketProcessorBase.run(SocketProcessorBase.java:49)
	at org.apache.tomcat.util.threads.ThreadPoolExecutor.runWorker(ThreadPoolExecutor.java:1191)
	at org.apache.tomcat.util.threads.ThreadPoolExecutor$Worker.run(ThreadPoolExecutor.java:659)
	at org.apache.tomcat.util.threads.TaskThread$WrappingRunnable.run(TaskThread.java:61)
	at java.base/java.lang.Thread.run(Thread.java:834)
2022-05-20 10:52:52 - [35m[SpringApplicationShutdownHook][0;39m [34mINFO [0;39m com.zaxxer.hikari.HikariDataSource.close - HikariPool-1 - Shutdown initiated...
2022-05-20 10:52:52 - [35m[SpringApplicationShutdownHook][0;39m [34mINFO [0;39m com.zaxxer.hikari.HikariDataSource.close - HikariPool-1 - Shutdown completed.
2022-05-20 10:52:58 - [35m[restartedMain][0;39m [34mINFO [0;39m uz.alex.climateappapi.ClimateAppApiApplication.logStarting - Starting ClimateAppApiApplication using Java 11.0.13 on DESKTOP-NBGB857 with PID 27004 (D:\projects\java\climate-app-api\target\classes started by Alex in D:\projects\java\climate-app-api)
2022-05-20 10:52:58 - [35m[restartedMain][0;39m [34mINFO [0;39m uz.alex.climateappapi.ClimateAppApiApplication.logStartupProfileInfo - The following 1 profile is active: "dev"
2022-05-20 10:53:00 - [35m[restartedMain][0;39m [34mINFO [0;39m org.apache.catalina.core.StandardService.log - Starting service [Tomcat]
2022-05-20 10:53:00 - [35m[restartedMain][0;39m [34mINFO [0;39m org.apache.catalina.core.StandardEngine.log - Starting Servlet engine: [Apache Tomcat/9.0.60]
2022-05-20 10:53:00 - [35m[restartedMain][0;39m [34mINFO [0;39m org.apache.catalina.core.ContainerBase.[Tomcat].[localhost].[/].log - Initializing Spring embedded WebApplicationContext
2022-05-20 10:53:01 - [35m[restartedMain][0;39m [34mINFO [0;39m com.zaxxer.hikari.HikariDataSource.getConnection - HikariPool-1 - Starting...
2022-05-20 10:53:01 - [35m[restartedMain][0;39m [34mINFO [0;39m com.zaxxer.hikari.HikariDataSource.getConnection - HikariPool-1 - Start completed.
2022-05-20 10:53:04 - [35m[restartedMain][0;39m [34mINFO [0;39m uz.alex.climateappapi.ClimateAppApiApplication.logStarted - Started ClimateAppApiApplication in 5.974 seconds (JVM running for 7.47)
2022-05-20 10:53:06 - [35m[SpringApplicationShutdownHook][0;39m [34mINFO [0;39m com.zaxxer.hikari.HikariDataSource.close - HikariPool-1 - Shutdown initiated...
2022-05-20 10:53:06 - [35m[SpringApplicationShutdownHook][0;39m [34mINFO [0;39m com.zaxxer.hikari.HikariDataSource.close - HikariPool-1 - Shutdown completed.
2022-05-20 10:53:11 - [35m[restartedMain][0;39m [34mINFO [0;39m uz.alex.climateappapi.ClimateAppApiApplication.logStarting - Starting ClimateAppApiApplication using Java 11.0.13 on DESKTOP-NBGB857 with PID 19184 (D:\projects\java\climate-app-api\target\classes started by Alex in D:\projects\java\climate-app-api)
2022-05-20 10:53:11 - [35m[restartedMain][0;39m [34mINFO [0;39m uz.alex.climateappapi.ClimateAppApiApplication.logStartupProfileInfo - The following 1 profile is active: "dev"
2022-05-20 10:53:13 - [35m[restartedMain][0;39m [34mINFO [0;39m org.apache.catalina.core.StandardService.log - Starting service [Tomcat]
2022-05-20 10:53:13 - [35m[restartedMain][0;39m [34mINFO [0;39m org.apache.catalina.core.StandardEngine.log - Starting Servlet engine: [Apache Tomcat/9.0.60]
2022-05-20 10:53:13 - [35m[restartedMain][0;39m [34mINFO [0;39m org.apache.catalina.core.ContainerBase.[Tomcat].[localhost].[/].log - Initializing Spring embedded WebApplicationContext
2022-05-20 10:53:13 - [35m[restartedMain][0;39m [34mINFO [0;39m com.zaxxer.hikari.HikariDataSource.getConnection - HikariPool-1 - Starting...
2022-05-20 10:53:13 - [35m[restartedMain][0;39m [34mINFO [0;39m com.zaxxer.hikari.HikariDataSource.getConnection - HikariPool-1 - Start completed.
2022-05-20 10:53:16 - [35m[restartedMain][0;39m [34mINFO [0;39m uz.alex.climateappapi.ClimateAppApiApplication.logStarted - Started ClimateAppApiApplication in 5.116 seconds (JVM running for 6.426)
2022-05-20 10:53:22 - [35m[http-nio-9000-exec-1][0;39m [34mINFO [0;39m org.apache.catalina.core.ContainerBase.[Tomcat].[localhost].[/].log - Initializing Spring DispatcherServlet 'dispatcherServlet'
2022-05-20 11:27:29 - [35m[HikariPool-1 housekeeper][0;39m [31mWARN [0;39m com.zaxxer.hikari.pool.HikariPool.run - HikariPool-1 - Thread starvation or clock leap detected (housekeeper delta=34m15s749ms912µs100ns).
2022-05-20 11:27:29 - [35m[http-nio-9000-exec-2][0;39m [1;31mERROR[0;39m org.apache.catalina.core.ContainerBase.[Tomcat].[localhost].[/].[dispatcherServlet].log - Servlet.service() for servlet [dispatcherServlet] in context with path [] threw exception [Request processing failed; nested exception is org.springframework.dao.InvalidDataAccessApiUsageException: Parameter value [2022-05-12 00:00:00] did not match expected type [java.time.LocalDateTime (n/a)]; nested exception is java.lang.IllegalArgumentException: Parameter value [2022-05-12 00:00:00] did not match expected type [java.time.LocalDateTime (n/a)]] with root cause
java.lang.IllegalArgumentException: Parameter value [2022-05-12 00:00:00] did not match expected type [java.time.LocalDateTime (n/a)]
	at org.hibernate.query.spi.QueryParameterBindingValidator.validate(QueryParameterBindingValidator.java:54)
	at org.hibernate.query.spi.QueryParameterBindingValidator.validate(QueryParameterBindingValidator.java:27)
	at org.hibernate.query.internal.QueryParameterBindingImpl.validate(QueryParameterBindingImpl.java:90)
	at org.hibernate.query.internal.QueryParameterBindingImpl.setBindValue(QueryParameterBindingImpl.java:55)
	at org.hibernate.query.internal.AbstractProducedQuery.setParameter(AbstractProducedQuery.java:501)
	at org.hibernate.query.internal.AbstractProducedQuery.setParameter(AbstractProducedQuery.java:122)
	at org.springframework.data.jpa.repository.query.QueryParameterSetter$BindableQuery.setParameter(QueryParameterSetter.java:327)
	at org.springframework.data.jpa.repository.query.QueryParameterSetter$NamedOrIndexedQueryParameterSetter.lambda$setParameter$4(QueryParameterSetter.java:118)
	at org.springframework.data.jpa.repository.query.QueryParameterSetter$ErrorHandling$1.execute(QueryParameterSetter.java:141)
	at org.springframework.data.jpa.repository.query.QueryParameterSetter$NamedOrIndexedQueryParameterSetter.setParameter(QueryParameterSetter.java:118)
	at org.springframework.data.jpa.repository.query.ParameterBinder.bind(ParameterBinder.java:82)
	at org.springframework.data.jpa.repository.query.ParameterBinder.bind(ParameterBinder.java:74)
	at org.springframework.data.jpa.repository.query.ParameterBinder.bindAndPrepare(ParameterBinder.java:96)
	at org.springframework.data.jpa.repository.query.AbstractStringBasedJpaQuery.doCreateQuery(AbstractStringBasedJpaQuery.java:95)
	at org.springframework.data.jpa.repository.query.AbstractJpaQuery.createQuery(AbstractJpaQuery.java:227)
	at org.springframework.data.jpa.repository.query.JpaQueryExecution$CollectionExecution.doExecute(JpaQueryExecution.java:128)
	at org.springframework.data.jpa.repository.query.JpaQueryExecution.execute(JpaQueryExecution.java:90)
	at org.springframework.data.jpa.repository.query.AbstractJpaQuery.doExecute(AbstractJpaQuery.java:155)
	at org.springframework.data.jpa.repository.query.AbstractJpaQuery.execute(AbstractJpaQuery.java:143)
	at org.springframework.data.repository.core.support.RepositoryMethodInvoker.doInvoke(RepositoryMethodInvoker.java:137)
	at org.springframework.data.repository.core.support.RepositoryMethodInvoker.invoke(RepositoryMethodInvoker.java:121)
	at org.springframework.data.repository.core.support.QueryExecutorMethodInterceptor.doInvoke(QueryExecutorMethodInterceptor.java:159)
	at org.springframework.data.repository.core.support.QueryExecutorMethodInterceptor.invoke(QueryExecutorMethodInterceptor.java:138)
	at org.springframework.aop.framework.ReflectiveMethodInvocation.proceed(ReflectiveMethodInvocation.java:186)
	at org.springframework.data.projection.DefaultMethodInvokingMethodInterceptor.invoke(DefaultMethodInvokingMethodInterceptor.java:80)
	at org.springframework.aop.framework.ReflectiveMethodInvocation.proceed(ReflectiveMethodInvocation.java:186)
	at org.springframework.transaction.interceptor.TransactionInterceptor$1.proceedWithInvocation(TransactionInterceptor.java:123)
	at org.springframework.transaction.interceptor.TransactionAspectSupport.invokeWithinTransaction(TransactionAspectSupport.java:388)
	at org.springframework.transaction.interceptor.TransactionInterceptor.invoke(TransactionInterceptor.java:119)
	at org.springframework.aop.framework.ReflectiveMethodInvocation.proceed(ReflectiveMethodInvocation.java:186)
	at org.springframework.dao.support.PersistenceExceptionTranslationInterceptor.invoke(PersistenceExceptionTranslationInterceptor.java:137)
	at org.springframework.aop.framework.ReflectiveMethodInvocation.proceed(ReflectiveMethodInvocation.java:186)
	at org.springframework.data.jpa.repository.support.CrudMethodMetadataPostProcessor$CrudMethodMetadataPopulatingMethodInterceptor.invoke(CrudMethodMetadataPostProcessor.java:145)
	at org.springframework.aop.framework.ReflectiveMethodInvocation.proceed(ReflectiveMethodInvocation.java:186)
	at org.springframework.aop.interceptor.ExposeInvocationInterceptor.invoke(ExposeInvocationInterceptor.java:97)
	at org.springframework.aop.framework.ReflectiveMethodInvocation.proceed(ReflectiveMethodInvocation.java:186)
	at org.springframework.aop.framework.JdkDynamicAopProxy.invoke(JdkDynamicAopProxy.java:215)
	at com.sun.proxy.$Proxy141.getAllOrdersBetweenDateByUser(Unknown Source)
	at uz.alex.climateappapi.service.impl.ResearcherOrderServiceImpl.getOrdersBetweenDateByUser(ResearcherOrderServiceImpl.java:43)
	at uz.alex.climateappapi.controller.ResearcherOrderController.getOrders(ResearcherOrderController.java:18)
	at java.base/jdk.internal.reflect.NativeMethodAccessorImpl.invoke0(Native Method)
	at java.base/jdk.internal.reflect.NativeMethodAccessorImpl.invoke(NativeMethodAccessorImpl.java:62)
	at java.base/jdk.internal.reflect.DelegatingMethodAccessorImpl.invoke(DelegatingMethodAccessorImpl.java:43)
	at java.base/java.lang.reflect.Method.invoke(Method.java:566)
	at org.springframework.web.method.support.InvocableHandlerMethod.doInvoke(InvocableHandlerMethod.java:205)
	at org.springframework.web.method.support.InvocableHandlerMethod.invokeForRequest(InvocableHandlerMethod.java:150)
	at org.springframework.web.servlet.mvc.method.annotation.ServletInvocableHandlerMethod.invokeAndHandle(ServletInvocableHandlerMethod.java:117)
	at org.springframework.web.servlet.mvc.method.annotation.RequestMappingHandlerAdapter.invokeHandlerMethod(RequestMappingHandlerAdapter.java:895)
	at org.springframework.web.servlet.mvc.method.annotation.RequestMappingHandlerAdapter.handleInternal(RequestMappingHandlerAdapter.java:808)
	at org.springframework.web.servlet.mvc.method.AbstractHandlerMethodAdapter.handle(AbstractHandlerMethodAdapter.java:87)
	at org.springframework.web.servlet.DispatcherServlet.doDispatch(DispatcherServlet.java:1067)
	at org.springframework.web.servlet.DispatcherServlet.doService(DispatcherServlet.java:963)
	at org.springframework.web.servlet.FrameworkServlet.processRequest(FrameworkServlet.java:1006)
	at org.springframework.web.servlet.FrameworkServlet.doPost(FrameworkServlet.java:909)
	at javax.servlet.http.HttpServlet.service(HttpServlet.java:681)
	at org.springframework.web.servlet.FrameworkServlet.service(FrameworkServlet.java:883)
	at javax.servlet.http.HttpServlet.service(HttpServlet.java:764)
	at org.apache.catalina.core.ApplicationFilterChain.internalDoFilter(ApplicationFilterChain.java:227)
	at org.apache.catalina.core.ApplicationFilterChain.doFilter(ApplicationFilterChain.java:162)
	at org.apache.tomcat.websocket.server.WsFilter.doFilter(WsFilter.java:53)
	at org.apache.catalina.core.ApplicationFilterChain.internalDoFilter(ApplicationFilterChain.java:189)
	at org.apache.catalina.core.ApplicationFilterChain.doFilter(ApplicationFilterChain.java:162)
	at org.springframework.web.filter.OncePerRequestFilter.doFilter(OncePerRequestFilter.java:111)
	at org.apache.catalina.core.ApplicationFilterChain.internalDoFilter(ApplicationFilterChain.java:189)
	at org.apache.catalina.core.ApplicationFilterChain.doFilter(ApplicationFilterChain.java:162)
	at org.springframework.web.filter.OncePerRequestFilter.doFilter(OncePerRequestFilter.java:111)
	at org.apache.catalina.core.ApplicationFilterChain.internalDoFilter(ApplicationFilterChain.java:189)
	at org.apache.catalina.core.ApplicationFilterChain.doFilter(ApplicationFilterChain.java:162)
	at org.springframework.security.web.FilterChainProxy$VirtualFilterChain.doFilter(FilterChainProxy.java:327)
	at org.springframework.security.web.access.intercept.FilterSecurityInterceptor.invoke(FilterSecurityInterceptor.java:115)
	at org.springframework.security.web.access.intercept.FilterSecurityInterceptor.doFilter(FilterSecurityInterceptor.java:81)
	at org.springframework.security.web.FilterChainProxy$VirtualFilterChain.doFilter(FilterChainProxy.java:336)
	at org.springframework.security.web.access.ExceptionTranslationFilter.doFilter(ExceptionTranslationFilter.java:122)
	at org.springframework.security.web.access.ExceptionTranslationFilter.doFilter(ExceptionTranslationFilter.java:116)
	at org.springframework.security.web.FilterChainProxy$VirtualFilterChain.doFilter(FilterChainProxy.java:336)
	at org.springframework.security.web.session.SessionManagementFilter.doFilter(SessionManagementFilter.java:126)
	at org.springframework.security.web.session.SessionManagementFilter.doFilter(SessionManagementFilter.java:81)
	at org.springframework.security.web.FilterChainProxy$VirtualFilterChain.doFilter(FilterChainProxy.java:336)
	at org.springframework.security.web.authentication.AnonymousAuthenticationFilter.doFilter(AnonymousAuthenticationFilter.java:109)
	at org.springframework.security.web.FilterChainProxy$VirtualFilterChain.doFilter(FilterChainProxy.java:336)
	at org.springframework.security.web.servletapi.SecurityContextHolderAwareRequestFilter.doFilter(SecurityContextHolderAwareRequestFilter.java:149)
	at org.springframework.security.web.FilterChainProxy$VirtualFilterChain.doFilter(FilterChainProxy.java:336)
	at org.springframework.security.web.savedrequest.RequestCacheAwareFilter.doFilter(RequestCacheAwareFilter.java:63)
	at org.springframework.security.web.FilterChainProxy$VirtualFilterChain.doFilter(FilterChainProxy.java:336)
	at uz.alex.climateappapi.filter.JwtRequestFilter.doFilterInternal(JwtRequestFilter.java:45)
	at org.springframework.web.filter.OncePerRequestFilter.doFilter(OncePerRequestFilter.java:117)
	at org.springframework.security.web.FilterChainProxy$VirtualFilterChain.doFilter(FilterChainProxy.java:336)
	at org.springframework.security.web.authentication.logout.LogoutFilter.doFilter(LogoutFilter.java:103)
	at org.springframework.security.web.authentication.logout.LogoutFilter.doFilter(LogoutFilter.java:89)
	at org.springframework.security.web.FilterChainProxy$VirtualFilterChain.doFilter(FilterChainProxy.java:336)
	at org.springframework.web.filter.CorsFilter.doFilterInternal(CorsFilter.java:91)
	at org.springframework.web.filter.OncePerRequestFilter.doFilter(OncePerRequestFilter.java:117)
	at org.springframework.security.web.FilterChainProxy$VirtualFilterChain.doFilter(FilterChainProxy.java:336)
	at org.springframework.security.web.header.HeaderWriterFilter.doHeadersAfter(HeaderWriterFilter.java:90)
	at org.springframework.security.web.header.HeaderWriterFilter.doFilterInternal(HeaderWriterFilter.java:75)
	at org.springframework.web.filter.OncePerRequestFilter.doFilter(OncePerRequestFilter.java:117)
	at org.springframework.security.web.FilterChainProxy$VirtualFilterChain.doFilter(FilterChainProxy.java:336)
	at org.springframework.security.web.context.SecurityContextPersistenceFilter.doFilter(SecurityContextPersistenceFilter.java:110)
	at org.springframework.security.web.context.SecurityContextPersistenceFilter.doFilter(SecurityContextPersistenceFilter.java:80)
	at org.springframework.security.web.FilterChainProxy$VirtualFilterChain.doFilter(FilterChainProxy.java:336)
	at org.springframework.security.web.context.request.async.WebAsyncManagerIntegrationFilter.doFilterInternal(WebAsyncManagerIntegrationFilter.java:55)
	at org.springframework.web.filter.OncePerRequestFilter.doFilter(OncePerRequestFilter.java:117)
	at org.springframework.security.web.FilterChainProxy$VirtualFilterChain.doFilter(FilterChainProxy.java:336)
	at org.springframework.security.web.FilterChainProxy.doFilterInternal(FilterChainProxy.java:211)
	at org.springframework.security.web.FilterChainProxy.doFilter(FilterChainProxy.java:183)
	at org.springframework.web.filter.DelegatingFilterProxy.invokeDelegate(DelegatingFilterProxy.java:354)
	at org.springframework.web.filter.DelegatingFilterProxy.doFilter(DelegatingFilterProxy.java:267)
	at org.apache.catalina.core.ApplicationFilterChain.internalDoFilter(ApplicationFilterChain.java:189)
	at org.apache.catalina.core.ApplicationFilterChain.doFilter(ApplicationFilterChain.java:162)
	at org.springframework.web.filter.CharacterEncodingFilter.doFilterInternal(CharacterEncodingFilter.java:201)
	at org.springframework.web.filter.OncePerRequestFilter.doFilter(OncePerRequestFilter.java:117)
	at org.apache.catalina.core.ApplicationFilterChain.internalDoFilter(ApplicationFilterChain.java:189)
	at org.apache.catalina.core.ApplicationFilterChain.doFilter(ApplicationFilterChain.java:162)
	at org.apache.catalina.core.StandardWrapperValve.invoke(StandardWrapperValve.java:197)
	at org.apache.catalina.core.StandardContextValve.invoke(StandardContextValve.java:97)
	at org.apache.catalina.authenticator.AuthenticatorBase.invoke(AuthenticatorBase.java:541)
	at org.apache.catalina.core.StandardHostValve.invoke(StandardHostValve.java:135)
	at org.apache.catalina.valves.ErrorReportValve.invoke(ErrorReportValve.java:92)
	at org.apache.catalina.core.StandardEngineValve.invoke(StandardEngineValve.java:78)
	at org.apache.catalina.connector.CoyoteAdapter.service(CoyoteAdapter.java:360)
	at org.apache.coyote.http11.Http11Processor.service(Http11Processor.java:399)
	at org.apache.coyote.AbstractProcessorLight.process(AbstractProcessorLight.java:65)
	at org.apache.coyote.AbstractProtocol$ConnectionHandler.process(AbstractProtocol.java:889)
	at org.apache.tomcat.util.net.NioEndpoint$SocketProcessor.doRun(NioEndpoint.java:1743)
	at org.apache.tomcat.util.net.SocketProcessorBase.run(SocketProcessorBase.java:49)
	at org.apache.tomcat.util.threads.ThreadPoolExecutor.runWorker(ThreadPoolExecutor.java:1191)
	at org.apache.tomcat.util.threads.ThreadPoolExecutor$Worker.run(ThreadPoolExecutor.java:659)
	at org.apache.tomcat.util.threads.TaskThread$WrappingRunnable.run(TaskThread.java:61)
	at java.base/java.lang.Thread.run(Thread.java:834)
2022-05-20 11:27:30 - [35m[SpringApplicationShutdownHook][0;39m [34mINFO [0;39m com.zaxxer.hikari.HikariDataSource.close - HikariPool-1 - Shutdown initiated...
2022-05-20 11:27:30 - [35m[SpringApplicationShutdownHook][0;39m [34mINFO [0;39m com.zaxxer.hikari.HikariDataSource.close - HikariPool-1 - Shutdown completed.
2022-05-20 11:27:35 - [35m[restartedMain][0;39m [34mINFO [0;39m uz.alex.climateappapi.ClimateAppApiApplication.logStarting - Starting ClimateAppApiApplication using Java 11.0.13 on DESKTOP-NBGB857 with PID 5840 (D:\projects\java\climate-app-api\target\classes started by Alex in D:\projects\java\climate-app-api)
2022-05-20 11:27:35 - [35m[restartedMain][0;39m [34mINFO [0;39m uz.alex.climateappapi.ClimateAppApiApplication.logStartupProfileInfo - The following 1 profile is active: "dev"
2022-05-20 11:27:37 - [35m[restartedMain][0;39m [34mINFO [0;39m org.apache.catalina.core.StandardService.log - Starting service [Tomcat]
2022-05-20 11:27:37 - [35m[restartedMain][0;39m [34mINFO [0;39m org.apache.catalina.core.StandardEngine.log - Starting Servlet engine: [Apache Tomcat/9.0.60]
2022-05-20 11:27:37 - [35m[restartedMain][0;39m [34mINFO [0;39m org.apache.catalina.core.ContainerBase.[Tomcat].[localhost].[/].log - Initializing Spring embedded WebApplicationContext
2022-05-20 11:27:37 - [35m[restartedMain][0;39m [34mINFO [0;39m com.zaxxer.hikari.HikariDataSource.getConnection - HikariPool-1 - Starting...
2022-05-20 11:27:38 - [35m[restartedMain][0;39m [34mINFO [0;39m com.zaxxer.hikari.HikariDataSource.getConnection - HikariPool-1 - Start completed.
2022-05-20 11:27:40 - [35m[restartedMain][0;39m [34mINFO [0;39m uz.alex.climateappapi.ClimateAppApiApplication.logStarted - Started ClimateAppApiApplication in 5.155 seconds (JVM running for 6.402)
2022-05-20 11:33:14 - [35m[http-nio-9000-exec-2][0;39m [34mINFO [0;39m org.apache.catalina.core.ContainerBase.[Tomcat].[localhost].[/].log - Initializing Spring DispatcherServlet 'dispatcherServlet'
2022-05-20 11:41:55 - [35m[SpringApplicationShutdownHook][0;39m [34mINFO [0;39m com.zaxxer.hikari.HikariDataSource.close - HikariPool-1 - Shutdown initiated...
2022-05-20 11:41:55 - [35m[SpringApplicationShutdownHook][0;39m [34mINFO [0;39m com.zaxxer.hikari.HikariDataSource.close - HikariPool-1 - Shutdown completed.
2022-05-20 11:42:01 - [35m[restartedMain][0;39m [34mINFO [0;39m uz.alex.climateappapi.ClimateAppApiApplication.logStarting - Starting ClimateAppApiApplication using Java 11.0.13 on DESKTOP-NBGB857 with PID 16280 (D:\projects\java\climate-app-api\target\classes started by Alex in D:\projects\java\climate-app-api)
2022-05-20 11:42:01 - [35m[restartedMain][0;39m [34mINFO [0;39m uz.alex.climateappapi.ClimateAppApiApplication.logStartupProfileInfo - The following 1 profile is active: "dev"
2022-05-20 11:42:02 - [35m[restartedMain][0;39m [34mINFO [0;39m org.apache.catalina.core.StandardService.log - Starting service [Tomcat]
2022-05-20 11:42:02 - [35m[restartedMain][0;39m [34mINFO [0;39m org.apache.catalina.core.StandardEngine.log - Starting Servlet engine: [Apache Tomcat/9.0.60]
2022-05-20 11:42:02 - [35m[restartedMain][0;39m [34mINFO [0;39m org.apache.catalina.core.ContainerBase.[Tomcat].[localhost].[/].log - Initializing Spring embedded WebApplicationContext
2022-05-20 11:42:03 - [35m[restartedMain][0;39m [34mINFO [0;39m com.zaxxer.hikari.HikariDataSource.getConnection - HikariPool-1 - Starting...
2022-05-20 11:42:03 - [35m[restartedMain][0;39m [34mINFO [0;39m com.zaxxer.hikari.HikariDataSource.getConnection - HikariPool-1 - Start completed.
2022-05-20 11:42:06 - [35m[restartedMain][0;39m [34mINFO [0;39m uz.alex.climateappapi.ClimateAppApiApplication.logStarted - Started ClimateAppApiApplication in 5.497 seconds (JVM running for 6.87)
2022-05-20 11:42:08 - [35m[http-nio-9000-exec-1][0;39m [34mINFO [0;39m org.apache.catalina.core.ContainerBase.[Tomcat].[localhost].[/].log - Initializing Spring DispatcherServlet 'dispatcherServlet'
2022-05-20 12:12:20 - [35m[SpringApplicationShutdownHook][0;39m [34mINFO [0;39m com.zaxxer.hikari.HikariDataSource.close - HikariPool-1 - Shutdown initiated...
2022-05-20 12:12:20 - [35m[SpringApplicationShutdownHook][0;39m [34mINFO [0;39m com.zaxxer.hikari.HikariDataSource.close - HikariPool-1 - Shutdown completed.
2022-05-20 12:12:26 - [35m[restartedMain][0;39m [34mINFO [0;39m uz.alex.climateappapi.ClimateAppApiApplication.logStarting - Starting ClimateAppApiApplication using Java 11.0.13 on DESKTOP-NBGB857 with PID 13916 (D:\projects\java\climate-app-api\target\classes started by Alex in D:\projects\java\climate-app-api)
2022-05-20 12:12:26 - [35m[restartedMain][0;39m [34mINFO [0;39m uz.alex.climateappapi.ClimateAppApiApplication.logStartupProfileInfo - The following 1 profile is active: "dev"
2022-05-20 12:12:27 - [35m[restartedMain][0;39m [34mINFO [0;39m org.apache.catalina.core.StandardService.log - Starting service [Tomcat]
2022-05-20 12:12:27 - [35m[restartedMain][0;39m [34mINFO [0;39m org.apache.catalina.core.StandardEngine.log - Starting Servlet engine: [Apache Tomcat/9.0.60]
2022-05-20 12:12:27 - [35m[restartedMain][0;39m [34mINFO [0;39m org.apache.catalina.core.ContainerBase.[Tomcat].[localhost].[/].log - Initializing Spring embedded WebApplicationContext
2022-05-20 12:12:28 - [35m[restartedMain][0;39m [34mINFO [0;39m com.zaxxer.hikari.HikariDataSource.getConnection - HikariPool-1 - Starting...
2022-05-20 12:12:28 - [35m[restartedMain][0;39m [34mINFO [0;39m com.zaxxer.hikari.HikariDataSource.getConnection - HikariPool-1 - Start completed.
2022-05-20 12:12:30 - [35m[restartedMain][0;39m [34mINFO [0;39m uz.alex.climateappapi.ClimateAppApiApplication.logStarted - Started ClimateAppApiApplication in 5.259 seconds (JVM running for 6.614)
2022-05-20 12:12:36 - [35m[http-nio-9000-exec-2][0;39m [34mINFO [0;39m org.apache.catalina.core.ContainerBase.[Tomcat].[localhost].[/].log - Initializing Spring DispatcherServlet 'dispatcherServlet'
2022-05-20 14:00:00 - [35m[HikariPool-1 housekeeper][0;39m [31mWARN [0;39m com.zaxxer.hikari.pool.HikariPool.run - HikariPool-1 - Thread starvation or clock leap detected (housekeeper delta=59m841ms413µs900ns).
2022-05-20 15:20:21 - [35m[HikariPool-1 housekeeper][0;39m [31mWARN [0;39m com.zaxxer.hikari.pool.HikariPool.run - HikariPool-1 - Thread starvation or clock leap detected (housekeeper delta=6m20s118ms945µs).
2022-05-20 15:50:56 - [35m[SpringApplicationShutdownHook][0;39m [34mINFO [0;39m com.zaxxer.hikari.HikariDataSource.close - HikariPool-1 - Shutdown initiated...
2022-05-20 15:50:56 - [35m[SpringApplicationShutdownHook][0;39m [34mINFO [0;39m com.zaxxer.hikari.HikariDataSource.close - HikariPool-1 - Shutdown completed.
2022-05-20 15:51:03 - [35m[restartedMain][0;39m [34mINFO [0;39m uz.alex.climateappapi.ClimateAppApiApplication.logStarting - Starting ClimateAppApiApplication using Java 11.0.13 on DESKTOP-NBGB857 with PID 11220 (D:\projects\java\climate-app-api\target\classes started by Alex in D:\projects\java\climate-app-api)
2022-05-20 15:51:03 - [35m[restartedMain][0;39m [34mINFO [0;39m uz.alex.climateappapi.ClimateAppApiApplication.logStartupProfileInfo - The following 1 profile is active: "dev"
2022-05-20 15:51:04 - [35m[restartedMain][0;39m [34mINFO [0;39m org.apache.catalina.core.StandardService.log - Starting service [Tomcat]
2022-05-20 15:51:04 - [35m[restartedMain][0;39m [34mINFO [0;39m org.apache.catalina.core.StandardEngine.log - Starting Servlet engine: [Apache Tomcat/9.0.60]
2022-05-20 15:51:04 - [35m[restartedMain][0;39m [34mINFO [0;39m org.apache.catalina.core.ContainerBase.[Tomcat].[localhost].[/].log - Initializing Spring embedded WebApplicationContext
2022-05-20 15:51:05 - [35m[restartedMain][0;39m [34mINFO [0;39m com.zaxxer.hikari.HikariDataSource.getConnection - HikariPool-1 - Starting...
2022-05-20 15:51:05 - [35m[restartedMain][0;39m [34mINFO [0;39m com.zaxxer.hikari.HikariDataSource.getConnection - HikariPool-1 - Start completed.
2022-05-20 15:51:08 - [35m[restartedMain][0;39m [34mINFO [0;39m uz.alex.climateappapi.ClimateAppApiApplication.logStarted - Started ClimateAppApiApplication in 5.469 seconds (JVM running for 6.741)
2022-05-20 15:52:38 - [35m[http-nio-9000-exec-2][0;39m [34mINFO [0;39m org.apache.catalina.core.ContainerBase.[Tomcat].[localhost].[/].log - Initializing Spring DispatcherServlet 'dispatcherServlet'
2022-05-20 15:52:38 - [35m[http-nio-9000-exec-2][0;39m [1;31mERROR[0;39m org.apache.catalina.core.ContainerBase.[Tomcat].[localhost].[/].[dispatcherServlet].log - Servlet.service() for servlet [dispatcherServlet] in context with path [] threw exception
java.lang.NullPointerException: null
	at uz.alex.climateappapi.filter.JwtUtils.validateToken(JwtUtils.java:57)
	at uz.alex.climateappapi.filter.JwtRequestFilter.doFilterInternal(JwtRequestFilter.java:39)
	at org.springframework.web.filter.OncePerRequestFilter.doFilter(OncePerRequestFilter.java:117)
	at org.springframework.security.web.FilterChainProxy$VirtualFilterChain.doFilter(FilterChainProxy.java:336)
	at org.springframework.security.web.authentication.logout.LogoutFilter.doFilter(LogoutFilter.java:103)
	at org.springframework.security.web.authentication.logout.LogoutFilter.doFilter(LogoutFilter.java:89)
	at org.springframework.security.web.FilterChainProxy$VirtualFilterChain.doFilter(FilterChainProxy.java:336)
	at org.springframework.web.filter.CorsFilter.doFilterInternal(CorsFilter.java:91)
	at org.springframework.web.filter.OncePerRequestFilter.doFilter(OncePerRequestFilter.java:117)
	at org.springframework.security.web.FilterChainProxy$VirtualFilterChain.doFilter(FilterChainProxy.java:336)
	at org.springframework.security.web.header.HeaderWriterFilter.doHeadersAfter(HeaderWriterFilter.java:90)
	at org.springframework.security.web.header.HeaderWriterFilter.doFilterInternal(HeaderWriterFilter.java:75)
	at org.springframework.web.filter.OncePerRequestFilter.doFilter(OncePerRequestFilter.java:117)
	at org.springframework.security.web.FilterChainProxy$VirtualFilterChain.doFilter(FilterChainProxy.java:336)
	at org.springframework.security.web.context.SecurityContextPersistenceFilter.doFilter(SecurityContextPersistenceFilter.java:110)
	at org.springframework.security.web.context.SecurityContextPersistenceFilter.doFilter(SecurityContextPersistenceFilter.java:80)
	at org.springframework.security.web.FilterChainProxy$VirtualFilterChain.doFilter(FilterChainProxy.java:336)
	at org.springframework.security.web.context.request.async.WebAsyncManagerIntegrationFilter.doFilterInternal(WebAsyncManagerIntegrationFilter.java:55)
	at org.springframework.web.filter.OncePerRequestFilter.doFilter(OncePerRequestFilter.java:117)
	at org.springframework.security.web.FilterChainProxy$VirtualFilterChain.doFilter(FilterChainProxy.java:336)
	at org.springframework.security.web.FilterChainProxy.doFilterInternal(FilterChainProxy.java:211)
	at org.springframework.security.web.FilterChainProxy.doFilter(FilterChainProxy.java:183)
	at org.springframework.web.filter.DelegatingFilterProxy.invokeDelegate(DelegatingFilterProxy.java:354)
	at org.springframework.web.filter.DelegatingFilterProxy.doFilter(DelegatingFilterProxy.java:267)
	at org.apache.catalina.core.ApplicationFilterChain.internalDoFilter(ApplicationFilterChain.java:189)
	at org.apache.catalina.core.ApplicationFilterChain.doFilter(ApplicationFilterChain.java:162)
	at org.springframework.web.filter.CharacterEncodingFilter.doFilterInternal(CharacterEncodingFilter.java:201)
	at org.springframework.web.filter.OncePerRequestFilter.doFilter(OncePerRequestFilter.java:117)
	at org.apache.catalina.core.ApplicationFilterChain.internalDoFilter(ApplicationFilterChain.java:189)
	at org.apache.catalina.core.ApplicationFilterChain.doFilter(ApplicationFilterChain.java:162)
	at org.apache.catalina.core.StandardWrapperValve.invoke(StandardWrapperValve.java:197)
	at org.apache.catalina.core.StandardContextValve.invoke(StandardContextValve.java:97)
	at org.apache.catalina.authenticator.AuthenticatorBase.invoke(AuthenticatorBase.java:541)
	at org.apache.catalina.core.StandardHostValve.invoke(StandardHostValve.java:135)
	at org.apache.catalina.valves.ErrorReportValve.invoke(ErrorReportValve.java:92)
	at org.apache.catalina.core.StandardEngineValve.invoke(StandardEngineValve.java:78)
	at org.apache.catalina.connector.CoyoteAdapter.service(CoyoteAdapter.java:360)
	at org.apache.coyote.http11.Http11Processor.service(Http11Processor.java:399)
	at org.apache.coyote.AbstractProcessorLight.process(AbstractProcessorLight.java:65)
	at org.apache.coyote.AbstractProtocol$ConnectionHandler.process(AbstractProtocol.java:889)
	at org.apache.tomcat.util.net.NioEndpoint$SocketProcessor.doRun(NioEndpoint.java:1743)
	at org.apache.tomcat.util.net.SocketProcessorBase.run(SocketProcessorBase.java:49)
	at org.apache.tomcat.util.threads.ThreadPoolExecutor.runWorker(ThreadPoolExecutor.java:1191)
	at org.apache.tomcat.util.threads.ThreadPoolExecutor$Worker.run(ThreadPoolExecutor.java:659)
	at org.apache.tomcat.util.threads.TaskThread$WrappingRunnable.run(TaskThread.java:61)
	at java.base/java.lang.Thread.run(Thread.java:834)
2022-05-20 15:52:47 - [35m[SpringApplicationShutdownHook][0;39m [34mINFO [0;39m com.zaxxer.hikari.HikariDataSource.close - HikariPool-1 - Shutdown initiated...
2022-05-20 15:52:47 - [35m[SpringApplicationShutdownHook][0;39m [34mINFO [0;39m com.zaxxer.hikari.HikariDataSource.close - HikariPool-1 - Shutdown completed.
2022-05-20 15:52:50 - [35m[restartedMain][0;39m [34mINFO [0;39m uz.alex.climateappapi.ClimateAppApiApplication.logStarting - Starting ClimateAppApiApplication using Java 11.0.13 on DESKTOP-NBGB857 with PID 3728 (D:\projects\java\climate-app-api\target\classes started by Alex in D:\projects\java\climate-app-api)
2022-05-20 15:52:50 - [35m[restartedMain][0;39m [34mINFO [0;39m uz.alex.climateappapi.ClimateAppApiApplication.logStartupProfileInfo - The following 1 profile is active: "dev"
2022-05-20 15:52:52 - [35m[restartedMain][0;39m [34mINFO [0;39m org.apache.catalina.core.StandardService.log - Starting service [Tomcat]
2022-05-20 15:52:52 - [35m[restartedMain][0;39m [34mINFO [0;39m org.apache.catalina.core.StandardEngine.log - Starting Servlet engine: [Apache Tomcat/9.0.60]
2022-05-20 15:52:52 - [35m[restartedMain][0;39m [34mINFO [0;39m org.apache.catalina.core.ContainerBase.[Tomcat].[localhost].[/].log - Initializing Spring embedded WebApplicationContext
2022-05-20 15:52:52 - [35m[restartedMain][0;39m [34mINFO [0;39m com.zaxxer.hikari.HikariDataSource.getConnection - HikariPool-1 - Starting...
2022-05-20 15:52:52 - [35m[restartedMain][0;39m [34mINFO [0;39m com.zaxxer.hikari.HikariDataSource.getConnection - HikariPool-1 - Start completed.
2022-05-20 15:52:55 - [35m[restartedMain][0;39m [34mINFO [0;39m uz.alex.climateappapi.ClimateAppApiApplication.logStarted - Started ClimateAppApiApplication in 4.741 seconds (JVM running for 6.102)
2022-05-20 15:53:34 - [35m[http-nio-9000-exec-2][0;39m [34mINFO [0;39m org.apache.catalina.core.ContainerBase.[Tomcat].[localhost].[/].log - Initializing Spring DispatcherServlet 'dispatcherServlet'
2022-05-20 16:34:11 - [35m[SpringApplicationShutdownHook][0;39m [34mINFO [0;39m com.zaxxer.hikari.HikariDataSource.close - HikariPool-1 - Shutdown initiated...
2022-05-20 16:34:11 - [35m[SpringApplicationShutdownHook][0;39m [34mINFO [0;39m com.zaxxer.hikari.HikariDataSource.close - HikariPool-1 - Shutdown completed.
